<?xml version="1.0" encoding="UTF-8"?>
<!-- Generated by org.testng.reporters.JUnitXMLReporter -->
<testsuite ignored="0" hostname="LAPTOP-J1HLQ16S" failures="5" tests="5" name="Test" time="8.14" errors="0" timestamp="2022-07-19T19:02:44 IST">
  <testcase classname="com.TestBankDemo2.TestCases.TC_TestRegister" name="tc1" time="0.005">
    <failure type="java.lang.NullPointerException" message="Cannot invoke &amp;quot;org.openqa.selenium.WebDriver.manage()&amp;quot; because &amp;quot;com.TestBankDemo2.TestCases.TC_TestRegister.driver&amp;quot; is null">
      <![CDATA[java.lang.NullPointerException: Cannot invoke "org.openqa.selenium.WebDriver.manage()" because "com.TestBankDemo2.TestCases.TC_TestRegister.driver" is null
at com.TestBankDemo2.TestCases.TC_TestRegister.tc1(TC_TestRegister.java:41)
at java.base/java.util.ArrayList.forEach(ArrayList.java:1511)
... Removed 27 stack frames]]>
    </failure>
  </testcase> <!-- tc1 -->
  <testcase classname="com.TestBankDemo2.TestCases.TC_TestRegister" name="tc1" time="0.001">
    <failure type="java.lang.NullPointerException" message="Cannot invoke &amp;quot;org.openqa.selenium.WebDriver.manage()&amp;quot; because &amp;quot;com.TestBankDemo2.TestCases.TC_TestRegister.driver&amp;quot; is null">
      <![CDATA[java.lang.NullPointerException: Cannot invoke "org.openqa.selenium.WebDriver.manage()" because "com.TestBankDemo2.TestCases.TC_TestRegister.driver" is null
at com.TestBankDemo2.TestCases.TC_TestRegister.tc1(TC_TestRegister.java:41)
at java.base/java.util.ArrayList.forEach(ArrayList.java:1511)
... Removed 27 stack frames]]>
    </failure>
  </testcase> <!-- tc1 -->
  <testcase classname="com.TestBankDemo2.TestCases.TC_TestRegister" name="tc1" time="0.002">
    <failure type="java.lang.NullPointerException" message="Cannot invoke &amp;quot;org.openqa.selenium.WebDriver.manage()&amp;quot; because &amp;quot;com.TestBankDemo2.TestCases.TC_TestRegister.driver&amp;quot; is null">
      <![CDATA[java.lang.NullPointerException: Cannot invoke "org.openqa.selenium.WebDriver.manage()" because "com.TestBankDemo2.TestCases.TC_TestRegister.driver" is null
at com.TestBankDemo2.TestCases.TC_TestRegister.tc1(TC_TestRegister.java:41)
at java.base/java.util.ArrayList.forEach(ArrayList.java:1511)
... Removed 27 stack frames]]>
    </failure>
  </testcase> <!-- tc1 -->
  <testcase classname="com.TestBankDemo2.TestCases.TC_TestRegister" name="tc1" time="0.001">
    <failure type="java.lang.NullPointerException" message="Cannot invoke &amp;quot;org.openqa.selenium.WebDriver.manage()&amp;quot; because &amp;quot;com.TestBankDemo2.TestCases.TC_TestRegister.driver&amp;quot; is null">
      <![CDATA[java.lang.NullPointerException: Cannot invoke "org.openqa.selenium.WebDriver.manage()" because "com.TestBankDemo2.TestCases.TC_TestRegister.driver" is null
at com.TestBankDemo2.TestCases.TC_TestRegister.tc1(TC_TestRegister.java:41)
at java.base/java.util.ArrayList.forEach(ArrayList.java:1511)
... Removed 27 stack frames]]>
    </failure>
  </testcase> <!-- tc1 -->
  <testcase classname="com.TestBankDemo2.TestCases.TC_TestRegister" name="tc1" time="0.001">
    <failure type="java.lang.NullPointerException" message="Cannot invoke &amp;quot;org.openqa.selenium.WebDriver.manage()&amp;quot; because &amp;quot;com.TestBankDemo2.TestCases.TC_TestRegister.driver&amp;quot; is null">
      <![CDATA[java.lang.NullPointerException: Cannot invoke "org.openqa.selenium.WebDriver.manage()" because "com.TestBankDemo2.TestCases.TC_TestRegister.driver" is null
at com.TestBankDemo2.TestCases.TC_TestRegister.tc1(TC_TestRegister.java:41)
at java.base/java.util.ArrayList.forEach(ArrayList.java:1511)
... Removed 27 stack frames]]>
    </failure>
  </testcase> <!-- tc1 -->
</testsuite> <!-- Test -->
