<?xml version="1.0" encoding="UTF-8"?>
<testng-results ignored="0" total="5" passed="4" failed="1" skipped="0">
  <reporter-output>
  </reporter-output>
  <suite started-at="2022-07-20T15:13:54 IST" name="Suite" finished-at="2022-07-20T15:15:35 IST" duration-ms="100661">
    <groups>
    </groups>
    <test started-at="2022-07-20T15:13:54 IST" name="Test" finished-at="2022-07-20T15:15:35 IST" duration-ms="100661">
      <class name="com.TestBankDemo2.TestCases.TC_TestRegister">
        <test-method is-config="true" signature="setup(java.lang.String)[pri:0, instance:com.TestBankDemo2.TestCases.TC_TestRegister@4be29ed9]" started-at="2022-07-20T15:13:54 IST" name="setup" finished-at="2022-07-20T15:13:58 IST" duration-ms="3204" status="PASS">
          <params>
            <param index="0">
              <value>
                <![CDATA[chrome]]>
              </value>
            </param>
          </params>
          <reporter-output>
          </reporter-output>
        </test-method> <!-- setup -->
        <test-method signature="tc1(java.lang.String,java.lang.String,java.lang.String,java.lang.String,java.lang.String,java.lang.String,java.lang.String,java.lang.String,java.lang.String,java.lang.String,java.lang.String,java.lang.String,java.lang.String,java.lang.String,java.lang.String,java.lang.String,java.lang.String,java.lang.String)[pri:0, instance:com.TestBankDemo2.TestCases.TC_TestRegister@4be29ed9]" started-at="2022-07-20T15:14:00 IST" name="tc1" data-provider="RegisterData" finished-at="2022-07-20T15:14:23 IST" duration-ms="23023" status="PASS">
          <params>
            <param index="0">
              <value>
                <![CDATA[Kapil]]>
              </value>
            </param>
            <param index="1">
              <value>
                <![CDATA[Dev]]>
              </value>
            </param>
            <param index="2">
              <value>
                <![CDATA[pankaj.suryavasnhi98@gmail.com]]>
              </value>
            </param>
            <param index="3">
              <value>
                <![CDATA[7738633672]]>
              </value>
            </param>
            <param index="4">
              <value>
                <![CDATA[Single]]>
              </value>
            </param>
            <param index="5">
              <value>
                <![CDATA[9/17/98]]>
              </value>
            </param>
            <param index="6">
              <value>
                <![CDATA[ABCD]]>
              </value>
            </param>
            <param index="7">
              <value>
                <![CDATA[XYZW]]>
              </value>
            </param>
            <param index="8">
              <value>
                <![CDATA[USA]]>
              </value>
            </param>
            <param index="9">
              <value>
                <![CDATA[Texas]]>
              </value>
            </param>
            <param index="10">
              <value>
                <![CDATA[Houston]]>
              </value>
            </param>
            <param index="11">
              <value>
                <![CDATA[Loan Account]]>
              </value>
            </param>
            <param index="12">
              <value>
                <![CDATA[Home Loan]]>
              </value>
            </param>
            <param index="13">
              <value>
                <![CDATA[75000]]>
              </value>
            </param>
            <param index="14">
              <value>
                <![CDATA[5000]]>
              </value>
            </param>
            <param index="15">
              <value>
                <![CDATA[1456]]>
              </value>
            </param>
            <param index="16">
              <value>
                <![CDATA[12]]>
              </value>
            </param>
            <param index="17">
              <value>
                <![CDATA[10000]]>
              </value>
            </param>
          </params>
          <reporter-output>
          </reporter-output>
        </test-method> <!-- tc1 -->
        <test-method signature="tc1(java.lang.String,java.lang.String,java.lang.String,java.lang.String,java.lang.String,java.lang.String,java.lang.String,java.lang.String,java.lang.String,java.lang.String,java.lang.String,java.lang.String,java.lang.String,java.lang.String,java.lang.String,java.lang.String,java.lang.String,java.lang.String)[pri:0, instance:com.TestBankDemo2.TestCases.TC_TestRegister@4be29ed9]" started-at="2022-07-20T15:14:23 IST" name="tc1" data-provider="RegisterData" finished-at="2022-07-20T15:14:45 IST" duration-ms="22166" status="PASS">
          <params>
            <param index="0">
              <value>
                <![CDATA[Viv]]>
              </value>
            </param>
            <param index="1">
              <value>
                <![CDATA[Richards]]>
              </value>
            </param>
            <param index="2">
              <value>
                <![CDATA[viv@gmail.com]]>
              </value>
            </param>
            <param index="3">
              <value>
                <![CDATA[7738633672]]>
              </value>
            </param>
            <param index="4">
              <value>
                <![CDATA[Single]]>
              </value>
            </param>
            <param index="5">
              <value>
                <![CDATA[9/18/98]]>
              </value>
            </param>
            <param index="6">
              <value>
                <![CDATA[ABCD]]>
              </value>
            </param>
            <param index="7">
              <value>
                <![CDATA[XYZW]]>
              </value>
            </param>
            <param index="8">
              <value>
                <![CDATA[USA]]>
              </value>
            </param>
            <param index="9">
              <value>
                <![CDATA[Texas]]>
              </value>
            </param>
            <param index="10">
              <value>
                <![CDATA[Houston]]>
              </value>
            </param>
            <param index="11">
              <value>
                <![CDATA[Savings Account]]>
              </value>
            </param>
            <param index="12">
              <value>
                <![CDATA[Regular]]>
              </value>
            </param>
            <param index="13">
              <value>
                <![CDATA[14800]]>
              </value>
            </param>
            <param index="14">
              <value>
                <![CDATA[5000]]>
              </value>
            </param>
            <param index="15">
              <value>
                <![CDATA[1456]]>
              </value>
            </param>
            <param index="16">
              <value>
                <![CDATA[]]>
              </value>
            </param>
            <param index="17">
              <value>
                <![CDATA[]]>
              </value>
            </param>
          </params>
          <reporter-output>
          </reporter-output>
        </test-method> <!-- tc1 -->
        <test-method signature="tc1(java.lang.String,java.lang.String,java.lang.String,java.lang.String,java.lang.String,java.lang.String,java.lang.String,java.lang.String,java.lang.String,java.lang.String,java.lang.String,java.lang.String,java.lang.String,java.lang.String,java.lang.String,java.lang.String,java.lang.String,java.lang.String)[pri:0, instance:com.TestBankDemo2.TestCases.TC_TestRegister@4be29ed9]" started-at="2022-07-20T15:14:45 IST" name="tc1" data-provider="RegisterData" finished-at="2022-07-20T15:15:06 IST" duration-ms="20819" status="PASS">
          <params>
            <param index="0">
              <value>
                <![CDATA[Don]]>
              </value>
            </param>
            <param index="1">
              <value>
                <![CDATA[Bradman]]>
              </value>
            </param>
            <param index="2">
              <value>
                <![CDATA[don@gmail.com]]>
              </value>
            </param>
            <param index="3">
              <value>
                <![CDATA[7738633672]]>
              </value>
            </param>
            <param index="4">
              <value>
                <![CDATA[Married]]>
              </value>
            </param>
            <param index="5">
              <value>
                <![CDATA[9/19/98]]>
              </value>
            </param>
            <param index="6">
              <value>
                <![CDATA[ABCD]]>
              </value>
            </param>
            <param index="7">
              <value>
                <![CDATA[XYZW]]>
              </value>
            </param>
            <param index="8">
              <value>
                <![CDATA[USA]]>
              </value>
            </param>
            <param index="9">
              <value>
                <![CDATA[Texas]]>
              </value>
            </param>
            <param index="10">
              <value>
                <![CDATA[Houston]]>
              </value>
            </param>
            <param index="11">
              <value>
                <![CDATA[Loan Account]]>
              </value>
            </param>
            <param index="12">
              <value>
                <![CDATA[Home Loan]]>
              </value>
            </param>
            <param index="13">
              <value>
                <![CDATA[15000]]>
              </value>
            </param>
            <param index="14">
              <value>
                <![CDATA[5000]]>
              </value>
            </param>
            <param index="15">
              <value>
                <![CDATA[1456]]>
              </value>
            </param>
            <param index="16">
              <value>
                <![CDATA[24]]>
              </value>
            </param>
            <param index="17">
              <value>
                <![CDATA[5000]]>
              </value>
            </param>
          </params>
          <reporter-output>
          </reporter-output>
        </test-method> <!-- tc1 -->
        <test-method signature="tc1(java.lang.String,java.lang.String,java.lang.String,java.lang.String,java.lang.String,java.lang.String,java.lang.String,java.lang.String,java.lang.String,java.lang.String,java.lang.String,java.lang.String,java.lang.String,java.lang.String,java.lang.String,java.lang.String,java.lang.String,java.lang.String)[pri:0, instance:com.TestBankDemo2.TestCases.TC_TestRegister@4be29ed9]" started-at="2022-07-20T15:15:06 IST" name="tc1" data-provider="RegisterData" finished-at="2022-07-20T15:15:27 IST" duration-ms="20919" status="PASS">
          <params>
            <param index="0">
              <value>
                <![CDATA[Sunil]]>
              </value>
            </param>
            <param index="1">
              <value>
                <![CDATA[Gavaskar]]>
              </value>
            </param>
            <param index="2">
              <value>
                <![CDATA[sunil@gmail.com]]>
              </value>
            </param>
            <param index="3">
              <value>
                <![CDATA[7738633672]]>
              </value>
            </param>
            <param index="4">
              <value>
                <![CDATA[Married]]>
              </value>
            </param>
            <param index="5">
              <value>
                <![CDATA[9/20/98]]>
              </value>
            </param>
            <param index="6">
              <value>
                <![CDATA[ABCD]]>
              </value>
            </param>
            <param index="7">
              <value>
                <![CDATA[XYZW]]>
              </value>
            </param>
            <param index="8">
              <value>
                <![CDATA[USA]]>
              </value>
            </param>
            <param index="9">
              <value>
                <![CDATA[Texas]]>
              </value>
            </param>
            <param index="10">
              <value>
                <![CDATA[Houston]]>
              </value>
            </param>
            <param index="11">
              <value>
                <![CDATA[Savings Account]]>
              </value>
            </param>
            <param index="12">
              <value>
                <![CDATA[Regular]]>
              </value>
            </param>
            <param index="13">
              <value>
                <![CDATA[20000]]>
              </value>
            </param>
            <param index="14">
              <value>
                <![CDATA[5000]]>
              </value>
            </param>
            <param index="15">
              <value>
                <![CDATA[1456]]>
              </value>
            </param>
            <param index="16">
              <value>
                <![CDATA[]]>
              </value>
            </param>
            <param index="17">
              <value>
                <![CDATA[]]>
              </value>
            </param>
          </params>
          <reporter-output>
          </reporter-output>
        </test-method> <!-- tc1 -->
        <test-method signature="tc1(java.lang.String,java.lang.String,java.lang.String,java.lang.String,java.lang.String,java.lang.String,java.lang.String,java.lang.String,java.lang.String,java.lang.String,java.lang.String,java.lang.String,java.lang.String,java.lang.String,java.lang.String,java.lang.String,java.lang.String,java.lang.String)[pri:0, instance:com.TestBankDemo2.TestCases.TC_TestRegister@4be29ed9]" started-at="2022-07-20T15:15:27 IST" name="tc1" data-provider="RegisterData" finished-at="2022-07-20T15:15:34 IST" duration-ms="7106" status="FAIL">
          <params>
            <param index="0">
              <value>
                <![CDATA[Brett]]>
              </value>
            </param>
            <param index="1">
              <value>
                <![CDATA[Lee]]>
              </value>
            </param>
            <param index="2">
              <value>
                <![CDATA[brett@gmail.com]]>
              </value>
            </param>
            <param index="3">
              <value>
                <![CDATA[7738633672]]>
              </value>
            </param>
            <param index="4">
              <value>
                <![CDATA[Married]]>
              </value>
            </param>
            <param index="5">
              <value>
                <![CDATA[9/21/98]]>
              </value>
            </param>
            <param index="6">
              <value>
                <![CDATA[ABCD]]>
              </value>
            </param>
            <param index="7">
              <value>
                <![CDATA[XYZW]]>
              </value>
            </param>
            <param index="8">
              <value>
                <![CDATA[USA]]>
              </value>
            </param>
            <param index="9">
              <value>
                <![CDATA[Texas]]>
              </value>
            </param>
            <param index="10">
              <value>
                <![CDATA[Houston]]>
              </value>
            </param>
            <param index="11">
              <value>
                <![CDATA[Savings Account]]>
              </value>
            </param>
            <param index="12">
              <value>
                <![CDATA[Regular]]>
              </value>
            </param>
            <param index="13">
              <value>
                <![CDATA[70000]]>
              </value>
            </param>
            <param index="14">
              <value>
                <![CDATA[5000]]>
              </value>
            </param>
            <param index="15">
              <value>
                <![CDATA[1456]]>
              </value>
            </param>
            <param index="16">
              <value>
                <![CDATA[]]>
              </value>
            </param>
            <param index="17">
              <value>
                <![CDATA[]]>
              </value>
            </param>
          </params>
          <exception class="org.openqa.selenium.NoSuchWindowException">
            <message>
              <![CDATA[no such window: target window already closed
from unknown error: web view not found
  (Session info: chrome=103.0.5060.114)
Build info: version: '4.3.0', revision: 'a4995e2c09*'
System info: host: 'LAPTOP-J1HLQ16S', ip: '192.168.1.36', os.name: 'Windows 10', os.arch: 'amd64', os.version: '10.0', java.version: '15.0.2'
Driver info: org.openqa.selenium.chrome.ChromeDriver
Command: [5b0f601ecd8dbb66b5d886ea2a1ab997, findElement {using=id, value=lastName}]
Capabilities {acceptInsecureCerts: false, browserName: chrome, browserVersion: 103.0.5060.114, chrome: {chromedriverVersion: 102.0.5005.61 (0e59bcc00cc4..., userDataDir: C:\Users\91773\AppData\Loca...}, goog:chromeOptions: {debuggerAddress: localhost:60869}, networkConnectionEnabled: false, pageLoadStrategy: normal, platformName: WINDOWS, proxy: Proxy(), se:cdp: ws://localhost:60869/devtoo..., se:cdpVersion: 103.0.5060.114, setWindowRect: true, strictFileInteractability: false, timeouts: {implicit: 0, pageLoad: 300000, script: 30000}, unhandledPromptBehavior: dismiss and notify, webauthn:extension:credBlob: true, webauthn:extension:largeBlob: true, webauthn:virtualAuthenticators: true}
Session ID: 5b0f601ecd8dbb66b5d886ea2a1ab997]]>
            </message>
            <full-stacktrace>
              <![CDATA[org.openqa.selenium.NoSuchWindowException: no such window: target window already closed
from unknown error: web view not found
  (Session info: chrome=103.0.5060.114)
Build info: version: '4.3.0', revision: 'a4995e2c09*'
System info: host: 'LAPTOP-J1HLQ16S', ip: '192.168.1.36', os.name: 'Windows 10', os.arch: 'amd64', os.version: '10.0', java.version: '15.0.2'
Driver info: org.openqa.selenium.chrome.ChromeDriver
Command: [5b0f601ecd8dbb66b5d886ea2a1ab997, findElement {using=id, value=lastName}]
Capabilities {acceptInsecureCerts: false, browserName: chrome, browserVersion: 103.0.5060.114, chrome: {chromedriverVersion: 102.0.5005.61 (0e59bcc00cc4..., userDataDir: C:\Users\91773\AppData\Loca...}, goog:chromeOptions: {debuggerAddress: localhost:60869}, networkConnectionEnabled: false, pageLoadStrategy: normal, platformName: WINDOWS, proxy: Proxy(), se:cdp: ws://localhost:60869/devtoo..., se:cdpVersion: 103.0.5060.114, setWindowRect: true, strictFileInteractability: false, timeouts: {implicit: 0, pageLoad: 300000, script: 30000}, unhandledPromptBehavior: dismiss and notify, webauthn:extension:credBlob: true, webauthn:extension:largeBlob: true, webauthn:virtualAuthenticators: true}
Session ID: 5b0f601ecd8dbb66b5d886ea2a1ab997
at java.base/jdk.internal.reflect.NativeConstructorAccessorImpl.newInstance0(Native Method)
at java.base/jdk.internal.reflect.NativeConstructorAccessorImpl.newInstance(NativeConstructorAccessorImpl.java:64)
at java.base/jdk.internal.reflect.DelegatingConstructorAccessorImpl.newInstance(DelegatingConstructorAccessorImpl.java:45)
at java.base/java.lang.reflect.Constructor.newInstanceWithCaller(Constructor.java:500)
at java.base/java.lang.reflect.Constructor.newInstance(Constructor.java:481)
at org.openqa.selenium.remote.codec.w3c.W3CHttpResponseCodec.createException(W3CHttpResponseCodec.java:200)
at org.openqa.selenium.remote.codec.w3c.W3CHttpResponseCodec.decode(W3CHttpResponseCodec.java:133)
at org.openqa.selenium.remote.codec.w3c.W3CHttpResponseCodec.decode(W3CHttpResponseCodec.java:53)
at org.openqa.selenium.remote.HttpCommandExecutor.execute(HttpCommandExecutor.java:184)
at org.openqa.selenium.remote.service.DriverCommandExecutor.invokeExecute(DriverCommandExecutor.java:167)
at org.openqa.selenium.remote.service.DriverCommandExecutor.execute(DriverCommandExecutor.java:142)
at org.openqa.selenium.remote.RemoteWebDriver.execute(RemoteWebDriver.java:569)
at org.openqa.selenium.remote.ElementLocation$ElementFinder$2.findElement(ElementLocation.java:162)
at org.openqa.selenium.remote.ElementLocation.findElement(ElementLocation.java:60)
at org.openqa.selenium.remote.RemoteWebDriver.findElement(RemoteWebDriver.java:387)
at org.openqa.selenium.remote.RemoteWebDriver.findElement(RemoteWebDriver.java:379)
at com.TestBankDemo2.Pages.PersonalDeatilsPage.enterLastName(PersonalDeatilsPage.java:34)
at com.TestBankDemo2.TestCases.TC_TestRegister.tc1(TC_TestRegister.java:57)
at java.base/jdk.internal.reflect.NativeMethodAccessorImpl.invoke0(Native Method)
at java.base/jdk.internal.reflect.NativeMethodAccessorImpl.invoke(NativeMethodAccessorImpl.java:64)
at java.base/jdk.internal.reflect.DelegatingMethodAccessorImpl.invoke(DelegatingMethodAccessorImpl.java:43)
at java.base/java.lang.reflect.Method.invoke(Method.java:564)
at org.testng.internal.invokers.MethodInvocationHelper.invokeMethod(MethodInvocationHelper.java:139)
at org.testng.internal.invokers.TestInvoker.invokeMethod(TestInvoker.java:677)
at org.testng.internal.invokers.TestInvoker.invokeTestMethod(TestInvoker.java:221)
at org.testng.internal.invokers.MethodRunner.runInSequence(MethodRunner.java:50)
at org.testng.internal.invokers.TestInvoker$MethodInvocationAgent.invoke(TestInvoker.java:962)
at org.testng.internal.invokers.TestInvoker.invokeTestMethods(TestInvoker.java:194)
at org.testng.internal.invokers.TestMethodWorker.invokeTestMethods(TestMethodWorker.java:148)
at org.testng.internal.invokers.TestMethodWorker.run(TestMethodWorker.java:128)
at java.base/java.util.ArrayList.forEach(ArrayList.java:1511)
at org.testng.TestRunner.privateRun(TestRunner.java:806)
at org.testng.TestRunner.run(TestRunner.java:601)
at org.testng.SuiteRunner.runTest(SuiteRunner.java:433)
at org.testng.SuiteRunner.runSequentially(SuiteRunner.java:427)
at org.testng.SuiteRunner.privateRun(SuiteRunner.java:387)
at org.testng.SuiteRunner.run(SuiteRunner.java:330)
at org.testng.SuiteRunnerWorker.runSuite(SuiteRunnerWorker.java:52)
at org.testng.SuiteRunnerWorker.run(SuiteRunnerWorker.java:95)
at org.testng.TestNG.runSuitesSequentially(TestNG.java:1256)
at org.testng.TestNG.runSuitesLocally(TestNG.java:1176)
at org.testng.TestNG.runSuites(TestNG.java:1099)
at org.testng.TestNG.run(TestNG.java:1067)
at org.testng.remote.AbstractRemoteTestNG.run(AbstractRemoteTestNG.java:115)
at org.testng.remote.RemoteTestNG.initAndRun(RemoteTestNG.java:251)
at org.testng.remote.RemoteTestNG.main(RemoteTestNG.java:77)
]]>
            </full-stacktrace>
          </exception> <!-- org.openqa.selenium.NoSuchWindowException -->
          <reporter-output>
          </reporter-output>
        </test-method> <!-- tc1 -->
        <test-method is-config="true" signature="teardown()[pri:0, instance:com.TestBankDemo2.TestCases.TC_TestRegister@4be29ed9]" started-at="2022-07-20T15:15:34 IST" name="teardown" finished-at="2022-07-20T15:15:35 IST" duration-ms="1026" status="PASS">
          <reporter-output>
          </reporter-output>
        </test-method> <!-- teardown -->
      </class> <!-- com.TestBankDemo2.TestCases.TC_TestRegister -->
    </test> <!-- Test -->
  </suite> <!-- Suite -->
</testng-results>
